#
# There is insufficient memory for the Java Runtime Environment to continue.
# Native memory allocation (malloc) failed to allocate 1048576 bytes for AllocateHeap
# Possible reasons:
#   The system is out of physical RAM or swap space
#   In 32 bit mode, the process size limit was hit
# Possible solutions:
#   Reduce memory load on the system
#   Increase physical memory or swap space
#   Check if swap backing store is full
#   Use 64 bit Java on a 64 bit OS
#   Decrease Java heap size (-Xmx/-Xms)
#   Decrease number of Java threads
#   Decrease Java thread stack sizes (-Xss)
#   Set larger code cache with -XX:ReservedCodeCacheSize=
# This output file may be truncated or incomplete.
#
#  Out of Memory Error (memory/allocation.inline.hpp:61), pid=4728, tid=13948
#
# JRE version:  (7.0_51-b13) (build )
# Java VM: Java HotSpot(TM) 64-Bit Server VM (24.51-b03 mixed mode windows-amd64 compressed oops)
# Failed to write core dump. Minidumps are not enabled by default on client versions of Windows
#

---------------  T H R E A D  ---------------

Current thread (0x0000000001d8e000):  JavaThread "Unknown thread" [_thread_in_vm, id=13948, stack(0x0000000002400000,0x0000000002500000)]

Stack: [0x0000000002400000,0x0000000002500000]

---------------  P R O C E S S  ---------------

Java Threads: ( => current thread )

Other Threads:

=>0x0000000001d8e000 (exited) JavaThread "Unknown thread" [_thread_in_vm, id=13948, stack(0x0000000002400000,0x0000000002500000)]

VM state:not at safepoint (normal execution)

VM Mutex/Monitor currently owned by a thread: None

Heap
 PSYoungGen      total 18944K, used 327K [0x00000000eb280000, 0x00000000ec780000, 0x0000000100000000)
  eden space 16384K, 2% used [0x00000000eb280000,0x00000000eb2d1f28,0x00000000ec280000)
  from space 2560K, 0% used [0x00000000ec500000,0x00000000ec500000,0x00000000ec780000)
  to   space 2560K, 0% used [0x00000000ec280000,0x00000000ec280000,0x00000000ec500000)
 ParOldGen       total 42496K, used 0K [0x00000000c1800000, 0x00000000c4180000, 0x00000000eb280000)
  object space 42496K, 0% used [0x00000000c1800000,0x00000000c1800000,0x00000000c4180000)
 PSPermGen       total 21504K, used 673K [0x00000000bc600000, 0x00000000bdb00000, 0x00000000c1800000)
  object space 21504K, 3% used [0x00000000bc600000,0x00000000bc6a8570,0x00000000bdb00000)

Card table byte_map: [0x0000000005500000,0x0000000005720000] byte_map_base: 0x0000000004f1d000

Polling page: 0x0000000000330000

Code Cache  [0x0000000002500000, 0x0000000002770000, 0x0000000005500000)
 total_blobs=38 nmethods=0 adapters=20 free_code_cache=48889Kb largest_free_block=50062528

Compilation events (0 events):
No events

GC Heap History (0 events):
No events

Deoptimization events (0 events):
No events

Internal exceptions (0 events):
No events

Events (10 events):
Event: 0.015 loading class 0x000000000216f020
Event: 0.015 loading class 0x000000000216f020 done
Event: 0.015 loading class 0x000000000216f070
Event: 0.015 loading class 0x000000000216f070 done
Event: 0.015 loading class 0x000000000216f0c0
Event: 0.015 loading class 0x000000000216f0c0 done
Event: 0.015 loading class 0x000000000216fe20
Event: 0.015 loading class 0x000000000216fe20 done
Event: 0.015 loading class 0x000000000216fa40
Event: 0.015 loading class 0x000000000216fa40 done


Dynamic libraries:
0x000000013f090000 - 0x000000013f0c3000 	C:\Program Files\Java\jdk1.7.0_51\bin\javaw.exe
0x0000000076eb0000 - 0x0000000077059000 	C:\Windows\SYSTEM32\ntdll.dll
0x0000000076d90000 - 0x0000000076eaf000 	C:\Windows\system32\kernel32.dll
0x000007fefbd30000 - 0x000007fefbd9b000 	C:\Windows\system32\KERNELBASE.dll
0x000007fefe0b0000 - 0x000007fefe18b000 	C:\Windows\system32\ADVAPI32.dll
0x000007fefd160000 - 0x000007fefd1ff000 	C:\Windows\system32\msvcrt.dll
0x000007fefc320000 - 0x000007fefc33f000 	C:\Windows\SYSTEM32\sechost.dll
0x000007fefd200000 - 0x000007fefd32d000 	C:\Windows\system32\RPCRT4.dll
0x0000000076c90000 - 0x0000000076d8a000 	C:\Windows\system32\USER32.dll
0x000007fefd7d0000 - 0x000007fefd837000 	C:\Windows\system32\GDI32.dll
0x000007fefc3c0000 - 0x000007fefc3ce000 	C:\Windows\system32\LPK.dll
0x000007fefdde0000 - 0x000007fefdea9000 	C:\Windows\system32\USP10.dll
0x000007fefa8a0000 - 0x000007fefaa94000 	C:\Windows\WinSxS\amd64_microsoft.windows.common-controls_6595b64144ccf1df_6.0.7601.17514_none_fa396087175ac9ac\COMCTL32.dll
0x000007fefc340000 - 0x000007fefc3b1000 	C:\Windows\system32\SHLWAPI.dll
0x000007fefd840000 - 0x000007fefd86e000 	C:\Windows\system32\IMM32.DLL
0x000007fefda80000 - 0x000007fefdb89000 	C:\Windows\system32\MSCTF.dll
0x000000006eba0000 - 0x000000006ec72000 	C:\Program Files\Java\jdk1.7.0_51\jre\bin\msvcr100.dll
0x0000000056e80000 - 0x0000000057649000 	C:\Program Files\Java\jdk1.7.0_51\jre\bin\server\jvm.dll
0x000007fef3ab0000 - 0x000007fef3ab9000 	C:\Windows\system32\WSOCK32.dll
0x000007fefc2d0000 - 0x000007fefc31d000 	C:\Windows\system32\WS2_32.dll
0x000007fefd990000 - 0x000007fefd998000 	C:\Windows\system32\NSI.dll
0x000007fef97e0000 - 0x000007fef981b000 	C:\Windows\system32\WINMM.dll
0x0000000077070000 - 0x0000000077077000 	C:\Windows\system32\PSAPI.DLL
0x0000000074910000 - 0x000000007491f000 	C:\Program Files\Java\jdk1.7.0_51\jre\bin\verify.dll
0x000000006ec80000 - 0x000000006eca8000 	C:\Program Files\Java\jdk1.7.0_51\jre\bin\java.dll
0x00000000739a0000 - 0x00000000739b5000 	C:\Program Files\Java\jdk1.7.0_51\jre\bin\zip.dll

VM Arguments:
jvm_args: -Dfile.encoding=Cp1256 
java_command: Dooz.Main
Launcher Type: SUN_STANDARD

Environment Variables:
PATH=C:/Program Files/Java/jdk1.7.0_51/bin/../jre/bin/server;C:/Program Files/Java/jdk1.7.0_51/bin/../jre/bin;C:/Program Files/Java/jdk1.7.0_51/bin/../jre/lib/amd64;C:\Program Files\Java\jdk1.7.0_51\bin;C:\Program Files (x86)\AMD APP\bin\x86_64;C:\Program Files (x86)\AMD APP\bin\x86;C:\Windows\system32;C:\Windows;C:\Windows\System32\Wbem;C:\Windows\System32\WindowsPowerShell\v1.0\;C:\Program Files (x86)\Intel\OpenCL SDK\2.0\bin\x86;C:\Program Files (x86)\Intel\OpenCL SDK\2.0\bin\x64;C:\Program Files (x86)\ATI Technologies\ATI.ACE\Core-Static;C:\Program Files\Microsoft\Web Platform Installer\;C:\Program Files (x86)\Microsoft ASP.NET\ASP.NET Web Pages\v1.0\;C:\Program Files (x86)\Windows Kits\8.0\Windows Performance Toolkit\;C:\Program Files\Microsoft SQL Server\110\Tools\Binn\;C:\Program Files (x86)\Smart Projects\IsoBuster;C:\Program Files\MATLAB\R2013a\runtime\win64;C:\Program Files\MATLAB\R2013a\bin;K:\project\gtk+-bundle_3.6.4-20130921_win32\bin;C:\Users\kavosh\Desktop\MinGW\bin;C:\PROGRA~2\PICC;F:\iverilog\bin;C:\Program Files\MATLAB\R2013a\bin;C:\Program Files (x86)\Microsoft SQL Server\100\Tools\Bin;G:\Android SDK\tools;C:\Program Files (x86)\Vim\vim74;C:\Program Files (x86)\Microsoft Visual Studio 11.0\VC\bin;C:\Program Files (x86)\Git\cmd;G:\eclipse;
USERNAME=kavosh
OS=Windows_NT
PROCESSOR_IDENTIFIER=Intel64 Family 6 Model 58 Stepping 9, GenuineIntel



---------------  S Y S T E M  ---------------

OS: Windows 7 , 64 bit Build 7601 Service Pack 1

CPU:total 4 (2 cores per cpu, 2 threads per core) family 6 model 58 stepping 9, cmov, cx8, fxsr, mmx, sse, sse2, sse3, ssse3, sse4.1, sse4.2, popcnt, avx, aes, erms, ht, tsc, tscinvbit, tscinv

Memory: 4k page, physical 4092776k(880468k free), swap 16369260k(18024k free)

vm_info: Java HotSpot(TM) 64-Bit Server VM (24.51-b03) for windows-amd64 JRE (1.7.0_51-b13), built on Dec 18 2013 18:40:56 by "java_re" with unknown MS VC++:1600

time: Fri Sep 19 16:11:11 2014
elapsed time: 0 seconds

